  class_test.cpp
class_test.obj : error LNK2019: 无法解析的外部符号 "class A __cdecl a1(void)" (?a1@@YA?AVA@@XZ)，函数 _main 中引用了该符号
D:\Git\Github\Messy\class_test\Project1\Debug\Project1.exe : fatal error LNK1120: 1 个无法解析的外部命令
